<?xml version="1.0" encoding="UTF-8"?>
<!-- Generated by org.testng.reporters.JUnitReportReporter -->
<testsuite skipped="0" hostname="DESKTOP-J71GJ2U" name="pageTest.TestClass" tests="1" failures="0" timestamp="08 May 2021 15:05:03 GMT" time="0.949" errors="0">
  <testcase name="indexPageTest" time="0.949" classname="pageTest.TestClass"/>
</testsuite> <!-- pageTest.TestClass -->
